        -:    0:Source:dominion.c
        -:    0:Graph:dominion.gcno
        -:    0:Data:dominion.gcda
        -:    0:Runs:6
        -:    0:Programs:4
        -:    1:#include "dominion.h"
        -:    2:#include "dominion_helpers.h"
        -:    3:#include "rngs.h"
        -:    4:#include <stdio.h>
        -:    5:#include <math.h>
        -:    6:#include <stdlib.h>
        -:    7:
    75622:    8:int compare(const void* a, const void* b) {
    75622:    9:  if (*(int*)a > *(int*)b)
    37704:   10:    return 1;
    37918:   11:  if (*(int*)a < *(int*)b)
    16470:   12:    return -1;
    21448:   13:  return 0;
        -:   14:}
        -:   15:
    #####:   16:struct gameState* newGame() {
    #####:   17:  struct gameState* g = malloc(sizeof(struct gameState));
    #####:   18:  return g;
        -:   19:}
        -:   20:
    #####:   21:int* kingdomCards(int k1, int k2, int k3, int k4, int k5, int k6, int k7,
        -:   22:		  int k8, int k9, int k10) {
    #####:   23:  int* k = malloc(10 * sizeof(int));
    #####:   24:  k[0] = k1;
    #####:   25:  k[1] = k2;
    #####:   26:  k[2] = k3;
    #####:   27:  k[3] = k4;
    #####:   28:  k[4] = k5;
    #####:   29:  k[5] = k6;
    #####:   30:  k[6] = k7;
    #####:   31:  k[7] = k8;
    #####:   32:  k[8] = k9;
    #####:   33:  k[9] = k10;
    #####:   34:  return k;
        -:   35:}
        -:   36:
    #####:   37:int initializeGame(int numPlayers, int kingdomCards[10], int randomSeed,
        -:   38:		   struct gameState *state) {
        -:   39:
        -:   40:  int i;
        -:   41:  int j;
        -:   42:  int it;			
        -:   43:  //set up random number generator
    #####:   44:  SelectStream(1);
    #####:   45:  PutSeed((long)randomSeed);
        -:   46:  
        -:   47:  //check number of players
    #####:   48:  if (numPlayers > MAX_PLAYERS || numPlayers < 2)
        -:   49:    {
    #####:   50:      return -1;
        -:   51:    }
        -:   52:
        -:   53:  //set number of players
    #####:   54:  state->numPlayers = numPlayers;
        -:   55:
        -:   56:  //check selected kingdom cards are different
    #####:   57:  for (i = 0; i < 10; i++)
        -:   58:    {
    #####:   59:      for (j = 0; j < 10; j++)
        -:   60:        {
    #####:   61:	  if (j != i && kingdomCards[j] == kingdomCards[i])
        -:   62:	    {
    #####:   63:	      return -1;
        -:   64:	    }
        -:   65:        }
        -:   66:    }
        -:   67:
        -:   68:
        -:   69:  //initialize supply
        -:   70:  ///////////////////////////////
        -:   71:
        -:   72:  //set number of Curse cards
    #####:   73:  if (numPlayers == 2)
        -:   74:    {
    #####:   75:      state->supplyCount[curse] = 10;
        -:   76:    }
    #####:   77:  else if (numPlayers == 3)
        -:   78:    {
    #####:   79:      state->supplyCount[curse] = 20;
        -:   80:    }
        -:   81:  else
        -:   82:    {
    #####:   83:      state->supplyCount[curse] = 30;
        -:   84:    }
        -:   85:
        -:   86:  //set number of Victory cards
    #####:   87:  if (numPlayers == 2)
        -:   88:    {
    #####:   89:      state->supplyCount[estate] = 8;
    #####:   90:      state->supplyCount[duchy] = 8;
    #####:   91:      state->supplyCount[province] = 8;
        -:   92:    }
        -:   93:  else
        -:   94:    {
    #####:   95:      state->supplyCount[estate] = 12;
    #####:   96:      state->supplyCount[duchy] = 12;
    #####:   97:      state->supplyCount[province] = 12;
        -:   98:    }
        -:   99:
        -:  100:  //set number of Treasure cards
    #####:  101:  state->supplyCount[copper] = 60 - (7 * numPlayers);
    #####:  102:  state->supplyCount[silver] = 40;
    #####:  103:  state->supplyCount[gold] = 30;
        -:  104:
        -:  105:  //set number of Kingdom cards
    #####:  106:  for (i = adventurer; i <= treasure_map; i++)       	//loop all cards
        -:  107:    {
    #####:  108:      for (j = 0; j < 10; j++)           		//loop chosen cards
        -:  109:	{
    #####:  110:	  if (kingdomCards[j] == i)
        -:  111:	    {
        -:  112:	      //check if card is a 'Victory' Kingdom card
    #####:  113:	      if (kingdomCards[j] == great_hall || kingdomCards[j] == gardens)
        -:  114:		{
    #####:  115:		  if (numPlayers == 2){ 
    #####:  116:		    state->supplyCount[i] = 8; 
        -:  117:		  }
    #####:  118:		  else{ state->supplyCount[i] = 12; }
        -:  119:		}
        -:  120:	      else
        -:  121:		{
    #####:  122:		  state->supplyCount[i] = 10;
        -:  123:		}
    #####:  124:	      break;
        -:  125:	    }
        -:  126:	  else    //card is not in the set choosen for the game
        -:  127:	    {
    #####:  128:	      state->supplyCount[i] = -1;
        -:  129:	    }
        -:  130:	}
        -:  131:
        -:  132:    }
        -:  133:
        -:  134:  ////////////////////////
        -:  135:  //supply intilization complete
        -:  136:
        -:  137:  //set player decks
    #####:  138:  for (i = 0; i < numPlayers; i++)
        -:  139:    {
    #####:  140:      state->deckCount[i] = 0;
    #####:  141:      for (j = 0; j < 3; j++)
        -:  142:	{
    #####:  143:	  state->deck[i][j] = estate;
    #####:  144:	  state->deckCount[i]++;
        -:  145:	}
    #####:  146:      for (j = 3; j < 10; j++)
        -:  147:	{
    #####:  148:	  state->deck[i][j] = copper;
    #####:  149:	  state->deckCount[i]++;		
        -:  150:	}
        -:  151:    }
        -:  152:
        -:  153:  //shuffle player decks
    #####:  154:  for (i = 0; i < numPlayers; i++)
        -:  155:    {
    #####:  156:      if ( shuffle(i, state) < 0 )
        -:  157:	{
    #####:  158:	  return -1;
        -:  159:	}
        -:  160:    }
        -:  161:
        -:  162:  //draw player hands
    #####:  163:  for (i = 0; i < numPlayers; i++)
        -:  164:    {  
        -:  165:      //initialize hand size to zero
    #####:  166:      state->handCount[i] = 0;
    #####:  167:      state->discardCount[i] = 0;
        -:  168:      //draw 5 cards
        -:  169:      // for (j = 0; j < 5; j++)
        -:  170:      //	{
        -:  171:      //	  drawCard(i, state);
        -:  172:      //	}
        -:  173:    }
        -:  174:  
        -:  175:  //set embargo tokens to 0 for all supply piles
    #####:  176:  for (i = 0; i <= treasure_map; i++)
        -:  177:    {
    #####:  178:      state->embargoTokens[i] = 0;
        -:  179:    }
        -:  180:
        -:  181:  //initialize first player's turn
    #####:  182:  state->outpostPlayed = 0;
    #####:  183:  state->phase = 0;
    #####:  184:  state->numActions = 1;
    #####:  185:  state->numBuys = 1;
    #####:  186:  state->playedCardCount = 0;
    #####:  187:  state->whoseTurn = 0;
    #####:  188:  state->handCount[state->whoseTurn] = 0;
        -:  189:  //int it; move to top
        -:  190:
        -:  191:  //Moved draw cards to here, only drawing at the start of a turn
    #####:  192:  for (it = 0; it < 5; it++){
    #####:  193:    drawCard(state->whoseTurn, state);
        -:  194:  }
        -:  195:
    #####:  196:  updateCoins(state->whoseTurn, state, 0);
        -:  197:
    #####:  198:  return 0;
        -:  199:}
        -:  200:
       60:  201:int shuffle(int player, struct gameState *state) {
        -:  202: 
        -:  203:
        -:  204:  int newDeck[MAX_DECK];
       60:  205:  int newDeckPos = 0;
        -:  206:  int card;
        -:  207:  int i;
        -:  208:
       60:  209:  if (state->deckCount[player] < 1)
       24:  210:    return -1;
       36:  211:  qsort ((void*)(state->deck[player]), state->deckCount[player], sizeof(int), compare); 
        -:  212:  /* SORT CARDS IN DECK TO ENSURE DETERMINISM! */
        -:  213:
    10760:  214:  while (state->deckCount[player] > 0) {
    10688:  215:    card = floor(Random() * state->deckCount[player]);
    10688:  216:    newDeck[newDeckPos] = state->deck[player][card];
    10688:  217:    newDeckPos++;
   951922:  218:    for (i = card; i < state->deckCount[player]-1; i++) {
   941234:  219:      state->deck[player][i] = state->deck[player][i+1];
        -:  220:    }
    10688:  221:    state->deckCount[player]--;
        -:  222:  }
    10724:  223:  for (i = 0; i < newDeckPos; i++) {
    10688:  224:    state->deck[player][i] = newDeck[i];
    10688:  225:    state->deckCount[player]++;
        -:  226:  }
        -:  227:
       36:  228:  return 0;
        -:  229:}
        -:  230:
    #####:  231:int playCard(int handPos, int choice1, int choice2, int choice3, struct gameState *state) 
        -:  232:{	
        -:  233:  int card;
    #####:  234:  int coin_bonus = 0; 		//tracks coins gain from actions
        -:  235:
        -:  236:  //check if it is the right phase
    #####:  237:  if (state->phase != 0)
        -:  238:    {
    #####:  239:      return -1;
        -:  240:    }
        -:  241:	
        -:  242:  //check if player has enough actions
    #####:  243:  if ( state->numActions < 1 )
        -:  244:    {
    #####:  245:      return -1;
        -:  246:    }
        -:  247:	
        -:  248:  //get card played
    #####:  249:  card = handCard(handPos, state);
        -:  250:	
        -:  251:  //check if selected card is an action
    #####:  252:  if ( card < adventurer || card > treasure_map )
        -:  253:    {
    #####:  254:      return -1;
        -:  255:    }
        -:  256:	
        -:  257:  //play card
    #####:  258:  if ( cardEffect(card, choice1, choice2, choice3, state, handPos, &coin_bonus) < 0 )
        -:  259:    {
    #####:  260:      return -1;
        -:  261:    }
        -:  262:	
        -:  263:  //reduce number of actions
    #####:  264:  state->numActions--;
        -:  265:
        -:  266:  //update coins (Treasure cards may be added with card draws)
    #####:  267:  updateCoins(state->whoseTurn, state, coin_bonus);
        -:  268:	
    #####:  269:  return 0;
        -:  270:}
        -:  271:
    #####:  272:int buyCard(int supplyPos, struct gameState *state) {
        -:  273:  int who;
        -:  274:  if (DEBUG){
        -:  275:    printf("Entering buyCard...\n");
        -:  276:  }
        -:  277:
        -:  278:  // I don't know what to do about the phase thing.
        -:  279:
    #####:  280:  who = state->whoseTurn;
        -:  281:
    #####:  282:  if (state->numBuys < 1){
        -:  283:    if (DEBUG)
        -:  284:      printf("You do not have any buys left\n");
    #####:  285:    return -1;
    #####:  286:  } else if (supplyCount(supplyPos, state) <1){
        -:  287:    if (DEBUG)
        -:  288:      printf("There are not any of that type of card left\n");
    #####:  289:    return -1;
    #####:  290:  } else if (state->coins < getCost(supplyPos)){
        -:  291:    if (DEBUG) 
        -:  292:      printf("You do not have enough money to buy that. You have %d coins.\n", state->coins);
    #####:  293:    return -1;
        -:  294:  } else {
    #####:  295:    state->phase=1;
        -:  296:    //state->supplyCount[supplyPos]--;
    #####:  297:    gainCard(supplyPos, state, 0, who); //card goes in discard, this might be wrong.. (2 means goes into hand, 0 goes into discard)
        -:  298:  
    #####:  299:    state->coins = (state->coins) - (getCost(supplyPos));
    #####:  300:    state->numBuys--;
        -:  301:    if (DEBUG)
        -:  302:      printf("You bought card number %d for %d coins. You now have %d buys and %d coins.\n", supplyPos, getCost(supplyPos), state->numBuys, state->coins);
        -:  303:  }
        -:  304:
        -:  305:  //state->discard[who][state->discardCount[who]] = supplyPos;
        -:  306:  //state->discardCount[who]++;
        -:  307:    
    #####:  308:  return 0;
        -:  309:}
        -:  310:
    #####:  311:int numHandCards(struct gameState *state) {
    #####:  312:  return state->handCount[ whoseTurn(state) ];
        -:  313:}
        -:  314:
    #####:  315:int handCard(int handPos, struct gameState *state) {
    #####:  316:  int currentPlayer = whoseTurn(state);
    #####:  317:  return state->hand[currentPlayer][handPos];
        -:  318:}
        -:  319:
    16772:  320:int supplyCount(int card, struct gameState *state) {
    16772:  321:  return state->supplyCount[card];
        -:  322:}
        -:  323:
    #####:  324:int fullDeckCount(int player, int card, struct gameState *state) {
        -:  325:  int i;
    #####:  326:  int count = 0;
        -:  327:
    #####:  328:  for (i = 0; i < state->deckCount[player]; i++)
        -:  329:    {
    #####:  330:      if (state->deck[player][i] == card) count++;
        -:  331:    }
        -:  332:
    #####:  333:  for (i = 0; i < state->handCount[player]; i++)
        -:  334:    {
    #####:  335:      if (state->hand[player][i] == card) count++;
        -:  336:    }
        -:  337:
    #####:  338:  for (i = 0; i < state->discardCount[player]; i++)
        -:  339:    {
    #####:  340:      if (state->discard[player][i] == card) count++;
        -:  341:    }
        -:  342:
    #####:  343:  return count;
        -:  344:}
        -:  345:
    12000:  346:int whoseTurn(struct gameState *state) {
    12000:  347:  return state->whoseTurn;
        -:  348:}
        -:  349:
    #####:  350:int endTurn(struct gameState *state) {
        -:  351:  int k;
        -:  352:  int i;
    #####:  353:  int currentPlayer = whoseTurn(state);
        -:  354:  
        -:  355:  //Discard hand
    #####:  356:  for (i = 0; i < state->handCount[currentPlayer]; i++){
    #####:  357:    state->discard[currentPlayer][state->discardCount[currentPlayer]++] = state->hand[currentPlayer][i];//Discard
    #####:  358:    state->hand[currentPlayer][i] = -1;//Set card to -1
        -:  359:  }
    #####:  360:  state->handCount[currentPlayer] = 0;//Reset hand count
        -:  361:    
        -:  362:  //Code for determining the player
    #####:  363:  if (currentPlayer < (state->numPlayers - 1)){ 
    #####:  364:    state->whoseTurn = currentPlayer + 1;//Still safe to increment
        -:  365:  }
        -:  366:  else{
    #####:  367:    state->whoseTurn = 0;//Max player has been reached, loop back around to player 1
        -:  368:  }
        -:  369:
    #####:  370:  state->outpostPlayed = 0;
    #####:  371:  state->phase = 0;
    #####:  372:  state->numActions = 1;
    #####:  373:  state->coins = 0;
    #####:  374:  state->numBuys = 1;
    #####:  375:  state->playedCardCount = 0;
    #####:  376:  state->handCount[state->whoseTurn] = 0;
        -:  377:
        -:  378:  //int k; move to top
        -:  379:  //Next player draws hand
    #####:  380:  for (k = 0; k < 5; k++){
    #####:  381:    drawCard(state->whoseTurn, state);//Draw a card
        -:  382:  }
        -:  383:
        -:  384:  //Update money
    #####:  385:  updateCoins(state->whoseTurn, state , 0);
        -:  386:
    #####:  387:  return 0;
        -:  388:}
        -:  389:
    #####:  390:int isGameOver(struct gameState *state) {
        -:  391:  int i;
        -:  392:  int j;
        -:  393:	
        -:  394:  //if stack of Province cards is empty, the game ends
    #####:  395:  if (state->supplyCount[province] == 0)
        -:  396:    {
    #####:  397:      return 1;
        -:  398:    }
        -:  399:
        -:  400:  //if three supply pile are at 0, the game ends
    #####:  401:  j = 0;
    #####:  402:  for (i = 0; i < 25; i++)
        -:  403:    {
    #####:  404:      if (state->supplyCount[i] == 0)
        -:  405:	{
    #####:  406:	  j++;
        -:  407:	}
        -:  408:    }
    #####:  409:  if ( j >= 3)
        -:  410:    {
    #####:  411:      return 1;
        -:  412:    }
        -:  413:
    #####:  414:  return 0;
        -:  415:}
        -:  416:
    #####:  417:int scoreFor (int player, struct gameState *state) {
        -:  418:
        -:  419:  int i;
    #####:  420:  int score = 0;
        -:  421:  //score from hand
    #####:  422:  for (i = 0; i < state->handCount[player]; i++)
        -:  423:    {
    #####:  424:      if (state->hand[player][i] == curse) { score = score - 1; };
    #####:  425:      if (state->hand[player][i] == estate) { score = score + 1; };
    #####:  426:      if (state->hand[player][i] == duchy) { score = score + 3; };
    #####:  427:      if (state->hand[player][i] == province) { score = score + 6; };
    #####:  428:      if (state->hand[player][i] == great_hall) { score = score + 1; };
    #####:  429:      if (state->hand[player][i] == gardens) { score = score + ( fullDeckCount(player, 0, state) / 10 ); };
        -:  430:    }
        -:  431:
        -:  432:  //score from discard
    #####:  433:  for (i = 0; i < state->discardCount[player]; i++)
        -:  434:    {
    #####:  435:      if (state->discard[player][i] == curse) { score = score - 1; };
    #####:  436:      if (state->discard[player][i] == estate) { score = score + 1; };
    #####:  437:      if (state->discard[player][i] == duchy) { score = score + 3; };
    #####:  438:      if (state->discard[player][i] == province) { score = score + 6; };
    #####:  439:      if (state->discard[player][i] == great_hall) { score = score + 1; };
    #####:  440:      if (state->discard[player][i] == gardens) { score = score + ( fullDeckCount(player, 0, state) / 10 ); };
        -:  441:    }
        -:  442:
        -:  443:  //score from deck
    #####:  444:  for (i = 0; i < state->discardCount[player]; i++)
        -:  445:    {
    #####:  446:      if (state->deck[player][i] == curse) { score = score - 1; };
    #####:  447:      if (state->deck[player][i] == estate) { score = score + 1; };
    #####:  448:      if (state->deck[player][i] == duchy) { score = score + 3; };
    #####:  449:      if (state->deck[player][i] == province) { score = score + 6; };
    #####:  450:      if (state->deck[player][i] == great_hall) { score = score + 1; };
    #####:  451:      if (state->deck[player][i] == gardens) { score = score + ( fullDeckCount(player, 0, state) / 10 ); };
        -:  452:    }
        -:  453:
    #####:  454:  return score;
        -:  455:}
        -:  456:
    #####:  457:int getWinners(int players[MAX_PLAYERS], struct gameState *state) {
        -:  458:  int i;	
        -:  459:  int j;
        -:  460:  int highScore;
        -:  461:  int currentPlayer;
        -:  462:
        -:  463:  //get score for each player
    #####:  464:  for (i = 0; i < MAX_PLAYERS; i++)
        -:  465:    {
        -:  466:      //set unused player scores to -9999
    #####:  467:      if (i >= state->numPlayers)
        -:  468:	{
    #####:  469:	  players[i] = -9999;
        -:  470:	}
        -:  471:      else
        -:  472:	{
    #####:  473:	  players[i] = scoreFor (i, state);
        -:  474:	}
        -:  475:    }
        -:  476:
        -:  477:  //find highest score
    #####:  478:  j = 0;
    #####:  479:  for (i = 0; i < MAX_PLAYERS; i++)
        -:  480:    {
    #####:  481:      if (players[i] > players[j])
        -:  482:	{
    #####:  483:	  j = i;
        -:  484:	}
        -:  485:    }
    #####:  486:  highScore = players[j];
        -:  487:
        -:  488:  //add 1 to players who had less turns
    #####:  489:  currentPlayer = whoseTurn(state);
    #####:  490:  for (i = 0; i < MAX_PLAYERS; i++)
        -:  491:    {
    #####:  492:      if ( players[i] == highScore && i > currentPlayer )
        -:  493:	{
    #####:  494:	  players[i]++;
        -:  495:	}
        -:  496:    }
        -:  497:
        -:  498:  //find new highest score
    #####:  499:  j = 0;
    #####:  500:  for (i = 0; i < MAX_PLAYERS; i++)
        -:  501:    {
    #####:  502:      if ( players[i] > players[j] )
        -:  503:	{
    #####:  504:	  j = i;
        -:  505:	}
        -:  506:    }
    #####:  507:  highScore = players[j];
        -:  508:
        -:  509:  //set winners in array to 1 and rest to 0
    #####:  510:  for (i = 0; i < MAX_PLAYERS; i++)
        -:  511:    {
    #####:  512:      if ( players[i] == highScore )
        -:  513:	{
    #####:  514:	  players[i] = 1;
        -:  515:	}
        -:  516:      else
        -:  517:	{
    #####:  518:	  players[i] = 0;
        -:  519:	}
        -:  520:    }
        -:  521:
    #####:  522:  return 0;
        -:  523:}
        -:  524:
    20000:  525:int drawCard(int player, struct gameState *state)
        -:  526:{	int count;
        -:  527:  int deckCounter;
    20000:  528:  if (state->deckCount[player] <= 0){//Deck is empty
        -:  529:    
        -:  530:    //Step 1 Shuffle the discard pile back into a deck
        -:  531:    int i;
        -:  532:    //Move discard to deck
    10724:  533:    for (i = 0; i < state->discardCount[player];i++){
    10688:  534:      state->deck[player][i] = state->discard[player][i];
    10688:  535:      state->discard[player][i] = -1;
        -:  536:    }
        -:  537:
       36:  538:    state->deckCount[player] = state->discardCount[player];
       36:  539:    state->discardCount[player] = 0;//Reset discard
        -:  540:
        -:  541:    //Shufffle the deck
       36:  542:    shuffle(player, state);//Shuffle the deck up and make it so that we can draw
        -:  543:   
        -:  544:    if (DEBUG){//Debug statements
        -:  545:      printf("Deck count now: %d\n", state->deckCount[player]);
        -:  546:    }
        -:  547:    
       36:  548:    state->discardCount[player] = 0;
        -:  549:
        -:  550:    //Step 2 Draw Card
       36:  551:    count = state->handCount[player];//Get current player's hand count
        -:  552:    
        -:  553:    if (DEBUG){//Debug statements
        -:  554:      printf("Current hand count: %d\n", count);
        -:  555:    }
        -:  556:    
       36:  557:    deckCounter = state->deckCount[player];//Create a holder for the deck count
        -:  558:
       36:  559:    if (deckCounter == 0)
    #####:  560:      return -1;
        -:  561:
       36:  562:    state->hand[player][count] = state->deck[player][deckCounter - 1];//Add card to hand
       36:  563:    state->deckCount[player]--;
       36:  564:    state->handCount[player]++;//Increment hand count
        -:  565:  }
        -:  566:
        -:  567:  else{
    19964:  568:    int count = state->handCount[player];//Get current hand count for player
        -:  569:    int deckCounter;
        -:  570:    if (DEBUG){//Debug statements
        -:  571:      printf("Current hand count: %d\n", count);
        -:  572:    }
        -:  573:
    19964:  574:    deckCounter = state->deckCount[player];//Create holder for the deck count
    19964:  575:    state->hand[player][count] = state->deck[player][deckCounter - 1];//Add card to the hand
    19964:  576:    state->deckCount[player]--;
    19964:  577:    state->handCount[player]++;//Increment hand count
        -:  578:  }
        -:  579:
    20000:  580:  return 0;
        -:  581:}
        -:  582:
     4984:  583:int getCost(int cardNumber)
        -:  584:{
     4984:  585:  switch( cardNumber ) 
        -:  586:    {
        -:  587:    case curse:
    #####:  588:      return 0;
        -:  589:    case estate:
    #####:  590:      return 2;
        -:  591:    case duchy:
    #####:  592:      return 5;
        -:  593:    case province:
    #####:  594:      return 8;
        -:  595:    case copper:
     1460:  596:      return 0;
        -:  597:    case silver:
     1552:  598:      return 3;
        -:  599:    case gold:
     1382:  600:      return 6;
        -:  601:    case adventurer:
    #####:  602:      return 6;
        -:  603:    case council_room:
    #####:  604:      return 5;
        -:  605:    case feast:
    #####:  606:      return 4;
        -:  607:    case gardens:
    #####:  608:      return 4;
        -:  609:    case mine:
      590:  610:      return 5;
        -:  611:    case remodel:
    #####:  612:      return 4;
        -:  613:    case smithy:
    #####:  614:      return 4;
        -:  615:    case village:
    #####:  616:      return 3;
        -:  617:    case baron:
    #####:  618:      return 4;
        -:  619:    case great_hall:
    #####:  620:      return 3;
        -:  621:    case minion:
    #####:  622:      return 5;
        -:  623:    case steward:
    #####:  624:      return 3;
        -:  625:    case tribute:
    #####:  626:      return 5;
        -:  627:    case ambassador:
    #####:  628:      return 3;
        -:  629:    case cutpurse:
    #####:  630:      return 4;
        -:  631:    case embargo: 
    #####:  632:      return 2;
        -:  633:    case outpost:
    #####:  634:      return 5;
        -:  635:    case salvager:
    #####:  636:      return 4;
        -:  637:    case sea_hag:
    #####:  638:      return 4;
        -:  639:    case treasure_map:
    #####:  640:      return 4;
        -:  641:    }
        -:  642:	
    #####:  643:  return -1;
        -:  644:}
        -:  645:
        -:  646:/***************************************************************************************************************
        -:  647:* Refactored cardEffect functions
        -:  648:* Use a seed of 10 to test all of these functions
        -:  649:****************************************************************************************************************/
        -:  650:
        -:  651:/***************************************************************************************************************
        -:  652:* Reveal cards from your deck until you reveal 2 Treasure cards. 
        -:  653:* Put those Treasure cards into your hand and discard the other revealed cards.
        -:  654:****************************************************************************************************************/
     4000:  655:int playAdventurer(struct gameState *state)
        -:  656:{
        -:  657:	//added these ints for refactoring
     4000:  658:	int drawntreasure = 0;
     4000:  659:	int currentPlayer = whoseTurn(state);
     4000:  660:	int cardDrawn = 0;
     4000:  661:	int z = 0;
        -:  662:	int temphand[MAX_HAND];
        -:  663:	
        -:  664:	//loop until play draws 2 treasure cards
        -:  665:	//BUG PLACED HERE: 
        -:  666:	//WAS: while(drawntreasure < 2) 
    20000:  667:	while(drawntreasure <= 2){
        -:  668:		
    12000:  669:		if (state->deckCount[currentPlayer] < 1) //if the deck is empty we need to shuffle discard and add to deck
        -:  670:		{
       24:  671:			shuffle(currentPlayer, state);
        -:  672:		}
        -:  673:		
    12000:  674:		drawCard(currentPlayer, state);
    12000:  675:		cardDrawn = state->hand[currentPlayer][state->handCount[currentPlayer]-1];//top card of hand is most recently drawn card.
        -:  676:		
        -:  677:		//BUG PLACED HERE: 
        -:  678:		//WAS: if (cardDrawn == copper || cardDrawn == silver || cardDrawn == gold)
    12000:  679:		if (cardDrawn = copper || cardDrawn == silver || cardDrawn == gold)
        -:  680:		{
    12000:  681:			drawntreasure++;
        -:  682:		}			
        -:  683:		else
        -:  684:		{
        -:  685:			temphand[z]=cardDrawn;
        -:  686:			state->handCount[currentPlayer]--; //this should just remove the top card (the most recently drawn one).
        -:  687:			z++;
        -:  688:		}
        -:  689:	}
        -:  690:	
     8000:  691:    while(z-1 >= 0)
        -:  692:	{
    #####:  693:		state->discard[currentPlayer][state->discardCount[currentPlayer]++] = temphand[z-1]; // discard all cards in play that have been drawn
    #####:  694:		z = z-1;
        -:  695:    }
        -:  696:	
        -:  697:	//possible bug: never discards adventurer card
        -:  698:	
     4000:  699:	return 0;
        -:  700:}
        -:  701:
        -:  702:/***************************************************************************************************************
        -:  703:* +3 Cards
        -:  704:****************************************************************************************************************/
     4000:  705:int playSmithy(struct gameState *state, int handPos)
        -:  706:{
        -:  707:	//added these ints for refactoring
     4000:  708:	int i = 0;
     4000:  709:	int currentPlayer = whoseTurn(state);
        -:  710:	
        -:  711:	//+3 Cards
        -:  712:	//BUG PLACED HERE: 
        -:  713:	//WAS: for (i = 0; i < 3; i++)
    12000:  714:    for (i = 1; i < 3; i++)
        -:  715:	{
     8000:  716:		drawCard(currentPlayer, state);
        -:  717:	}
        -:  718:			
        -:  719:    //discard card from hand
     4000:  720:	discardCard(handPos, currentPlayer, state, 0);
     4000:  721:	return 0;
        -:  722:}
        -:  723:
        -:  724:/***************************************************************************************************************
        -:  725:* You may trash a Treasure from your hand. 
        -:  726:* Gain a Treasure to your hand costing up to 3 coins more than it.
        -:  727:****************************************************************************************************************/
     4000:  728:int playMine(struct gameState *state, int choice1, int choice2, int handPos)
        -:  729:{
        -:  730:	//added these ints for refactoring
     4000:  731:	int i = 0;
     4000:  732:	int currentPlayer = whoseTurn(state);
        -:  733:
     4000:  734:	int j = state->hand[currentPlayer][choice1];  //store card we will trash
        -:  735:
     4000:  736:    if (state->hand[currentPlayer][choice1] < copper || state->hand[currentPlayer][choice1] > gold)
        -:  737:	{
     1508:  738:		return -1;
        -:  739:	}
        -:  740:	
        -:  741:	//Possible pre-existing bug?
        -:  742:	//should be (choice2 > gold || choice2 < copper)
     2492:  743:    if (choice2 > treasure_map || choice2 < curse)
        -:  744:	{
    #####:  745:		return -1;
        -:  746:	}
        -:  747:	
     2492:  748:    if ( (getCost(state->hand[currentPlayer][choice1]) + 3) > getCost(choice2) )
        -:  749:	{
     1720:  750:		return -1;
        -:  751:	}
        -:  752:
      772:  753:    gainCard(choice2, state, 2, currentPlayer);
        -:  754:
        -:  755:    //discard card from hand
        -:  756:	//BUG PLACED HERE: 
        -:  757:	//WAS: discardCard(handPos, currentPlayer, state, 0);
      772:  758:    discardCard(handPos, currentPlayer, state, 1);
        -:  759:
        -:  760:    //discard trashed card
    18600:  761:    for (i = 0; i < state->handCount[currentPlayer]; i++)
        -:  762:	{
    18600:  763:		if (state->hand[currentPlayer][i] == j)
        -:  764:	    {
        -:  765:			//possible bug:
        -:  766:			//should be: discardCard(i, currentPlayer, state, 1);
      772:  767:			discardCard(i, currentPlayer, state, 0);			
      772:  768:			break;
        -:  769:	    }
        -:  770:	}
        -:  771:			
      772:  772:    return 0;
        -:  773:}
        -:  774:
        -:  775:/***************************************************************************************************************
        -:  776:* +2 Coins
        -:  777:* Trash this card. Put an Embargo token on top of a Supply pile. 
        -:  778:* When a player buys a card, he gains a Curse card per Embargo token on that pile.
        -:  779:****************************************************************************************************************/
    #####:  780:int playEmbargo(struct gameState *state, int choice1, int handPos)
        -:  781:{
    #####:  782:	int currentPlayer = whoseTurn(state);
        -:  783:	
        -:  784:	//+2 Coins
    #####:  785:    state->coins = state->coins + 2;
        -:  786:			
        -:  787:    //see if selected pile is in play
    #####:  788:    if ( state->supplyCount[choice1] == -1 )
        -:  789:	{
    #####:  790:		return -1;
        -:  791:	}
        -:  792:			
        -:  793:	//add embargo token to selected supply pile
    #####:  794:	state->embargoTokens[choice1]++;
        -:  795:		
        -:  796:	//trash card
        -:  797:	//BUG PLACED HERE:
        -:  798:	//WAS: discardCard(handPos, currentPlayer, state, 1);
    #####:  799:	discardCard(handPos, currentPlayer, state, 0);		
    #####:  800:	return 0;
        -:  801:}
        -:  802:
        -:  803:/***************************************************************************************************************
        -:  804:* +1 Card
        -:  805:* +2 Actions
        -:  806:****************************************************************************************************************/
    #####:  807:int playVillage(struct gameState *state, int handPos)
        -:  808:{
    #####:  809:	int currentPlayer = whoseTurn(state);
        -:  810:	
        -:  811:	//+1 Card
    #####:  812:	drawCard(currentPlayer, state);
        -:  813:
        -:  814:	//+2 Actions
    #####:  815:	state->numActions = state->numActions + 2;
        -:  816:
        -:  817:	//discard played card from hand
    #####:  818:	discardCard(handPos, currentPlayer, state, 0);
    #####:  819:	return 0;
        -:  820:}
        -:  821:
        -:  822:
    #####:  823:int cardEffect(int card, int choice1, int choice2, int choice3, struct gameState *state, int handPos, int *bonus)
        -:  824:{
        -:  825:  int i;
        -:  826:  int j;
        -:  827:  int k;
        -:  828:  int x;
        -:  829:  int index;
    #####:  830:  int currentPlayer = whoseTurn(state);
    #####:  831:  int nextPlayer = currentPlayer + 1;
        -:  832:
    #####:  833:  int tributeRevealedCards[2] = {-1, -1};
        -:  834:  int temphand[MAX_HAND];// moved above the if statement
        -:  835:  
        -:  836:  int cardDrawn;
    #####:  837:  int z = 0;// this is the counter for the temp hand
    #####:  838:  if (nextPlayer > (state->numPlayers - 1)){
    #####:  839:    nextPlayer = 0;
        -:  840:  }
        -:  841:  
        -:  842:	
        -:  843:  //uses switch to select card and perform actions
    #####:  844:  switch( card ) 
        -:  845:    {
        -:  846:    case adventurer:
        -:  847:
    #####:  848:	  return playAdventurer(state);
        -:  849:			
        -:  850:    case council_room:
        -:  851:      //+4 Cards
    #####:  852:      for (i = 0; i < 4; i++)
        -:  853:	{
    #####:  854:	  drawCard(currentPlayer, state);
        -:  855:	}
        -:  856:			
        -:  857:      //+1 Buy
    #####:  858:      state->numBuys++;
        -:  859:			
        -:  860:      //Each other player draws a card
    #####:  861:      for (i = 0; i < state->numPlayers; i++)
        -:  862:	{
    #####:  863:	  if ( i != currentPlayer )
        -:  864:	    {
    #####:  865:	      drawCard(i, state);
        -:  866:	    }
        -:  867:	}
        -:  868:			
        -:  869:      //put played card in played card pile
    #####:  870:      discardCard(handPos, currentPlayer, state, 0);
        -:  871:			
    #####:  872:      return 0;
        -:  873:			
        -:  874:    case feast:
        -:  875:      //gain card with cost up to 5
        -:  876:      //Backup hand
    #####:  877:      for (i = 0; i <= state->handCount[currentPlayer]; i++){
    #####:  878:	temphand[i] = state->hand[currentPlayer][i];//Backup card
    #####:  879:	state->hand[currentPlayer][i] = -1;//Set to nothing
        -:  880:      }
        -:  881:      //Backup hand
        -:  882:
        -:  883:      //Update Coins for Buy
    #####:  884:      updateCoins(currentPlayer, state, 5);
    #####:  885:      x = 1;//Condition to loop on
    #####:  886:      while( x == 1) {//Buy one card
    #####:  887:	if (supplyCount(choice1, state) <= 0){
        -:  888:	  if (DEBUG)
        -:  889:	    printf("None of that card left, sorry!\n");
        -:  890:
        -:  891:	  if (DEBUG){
        -:  892:	    printf("Cards Left: %d\n", supplyCount(choice1, state));
        -:  893:	  }
        -:  894:	}
    #####:  895:	else if (state->coins < getCost(choice1)){
    #####:  896:	  printf("That card is too expensive!\n");
        -:  897:
        -:  898:	  if (DEBUG){
        -:  899:	    printf("Coins: %d < %d\n", state->coins, getCost(choice1));
        -:  900:	  }
        -:  901:	}
        -:  902:	else{
        -:  903:
        -:  904:	  if (DEBUG){
        -:  905:	    printf("Deck Count: %d\n", state->handCount[currentPlayer] + state->deckCount[currentPlayer] + state->discardCount[currentPlayer]);
        -:  906:	  }
        -:  907:
    #####:  908:	  gainCard(choice1, state, 0, currentPlayer);//Gain the card
    #####:  909:	  x = 0;//No more buying cards
        -:  910:
        -:  911:	  if (DEBUG){
        -:  912:	    printf("Deck Count: %d\n", state->handCount[currentPlayer] + state->deckCount[currentPlayer] + state->discardCount[currentPlayer]);
        -:  913:	  }
        -:  914:
        -:  915:	}
        -:  916:      }     
        -:  917:
        -:  918:      //Reset Hand
    #####:  919:      for (i = 0; i <= state->handCount[currentPlayer]; i++){
    #####:  920:	state->hand[currentPlayer][i] = temphand[i];
    #####:  921:	temphand[i] = -1;
        -:  922:      }
        -:  923:      //Reset Hand
        -:  924:      			
    #####:  925:      return 0;
        -:  926:			
        -:  927:    case gardens:
    #####:  928:      return -1;
        -:  929:			
        -:  930:    case mine:
    #####:  931:		return playMine(state, choice1, choice2, handPos);
        -:  932:			
        -:  933:    case remodel:
    #####:  934:      j = state->hand[currentPlayer][choice1];  //store card we will trash
        -:  935:
    #####:  936:      if ( (getCost(state->hand[currentPlayer][choice1]) + 2) > getCost(choice2) )
        -:  937:	{
    #####:  938:	  return -1;
        -:  939:	}
        -:  940:
    #####:  941:      gainCard(choice2, state, 0, currentPlayer);
        -:  942:
        -:  943:      //discard card from hand
    #####:  944:      discardCard(handPos, currentPlayer, state, 0);
        -:  945:
        -:  946:      //discard trashed card
    #####:  947:      for (i = 0; i < state->handCount[currentPlayer]; i++)
        -:  948:	{
    #####:  949:	  if (state->hand[currentPlayer][i] == j)
        -:  950:	    {
    #####:  951:	      discardCard(i, currentPlayer, state, 0);			
    #####:  952:	      break;
        -:  953:	    }
        -:  954:	}
        -:  955:
        -:  956:
    #####:  957:      return 0;
        -:  958:		
        -:  959:    case smithy:
        -:  960:
    #####:  961:      return playSmithy(state, handPos);
        -:  962:		
        -:  963:    case village:
    #####:  964:		return playVillage(state, handPos);
        -:  965:		
        -:  966:    case baron:
    #####:  967:      state->numBuys++;//Increase buys by 1!
    #####:  968:      if (choice1 > 0){//Boolean true or going to discard an estate
    #####:  969:	int p = 0;//Iterator for hand!
    #####:  970:	int card_not_discarded = 1;//Flag for discard set!
    #####:  971:	while(card_not_discarded){
    #####:  972:	  if (state->hand[currentPlayer][p] == estate){//Found an estate card!
    #####:  973:	    state->coins += 4;//Add 4 coins to the amount of coins
    #####:  974:	    state->discard[currentPlayer][state->discardCount[currentPlayer]] = state->hand[currentPlayer][p];
    #####:  975:	    state->discardCount[currentPlayer]++;
    #####:  976:	    for (;p < state->handCount[currentPlayer]; p++){
    #####:  977:	      state->hand[currentPlayer][p] = state->hand[currentPlayer][p+1];
        -:  978:	    }
    #####:  979:	    state->hand[currentPlayer][state->handCount[currentPlayer]] = -1;
    #####:  980:	    state->handCount[currentPlayer]--;
    #####:  981:	    card_not_discarded = 0;//Exit the loop
        -:  982:	  }
    #####:  983:	  else if (p > state->handCount[currentPlayer]){
        -:  984:	    if(DEBUG) {
        -:  985:	      printf("No estate cards in your hand, invalid choice\n");
        -:  986:	      printf("Must gain an estate if there are any\n");
        -:  987:	    }
    #####:  988:	    if (supplyCount(estate, state) > 0){
    #####:  989:	      gainCard(estate, state, 0, currentPlayer);
    #####:  990:	      state->supplyCount[estate]--;//Decrement estates
    #####:  991:	      if (supplyCount(estate, state) == 0){
    #####:  992:		isGameOver(state);
        -:  993:	      }
        -:  994:	    }
    #####:  995:	    card_not_discarded = 0;//Exit the loop
        -:  996:	  }
        -:  997:			    
        -:  998:	  else{
    #####:  999:	    p++;//Next card
        -: 1000:	  }
        -: 1001:	}
        -: 1002:      }
        -: 1003:			    
        -: 1004:      else{
    #####: 1005:	if (supplyCount(estate, state) > 0){
    #####: 1006:	  gainCard(estate, state, 0, currentPlayer);//Gain an estate
    #####: 1007:	  state->supplyCount[estate]--;//Decrement Estates
    #####: 1008:	  if (supplyCount(estate, state) == 0){
    #####: 1009:	    isGameOver(state);
        -: 1010:	  }
        -: 1011:	}
        -: 1012:      }
        -: 1013:	    
        -: 1014:      
    #####: 1015:      return 0;
        -: 1016:		
        -: 1017:    case great_hall:
        -: 1018:      //+1 Card
    #####: 1019:      drawCard(currentPlayer, state);
        -: 1020:			
        -: 1021:      //+1 Actions
    #####: 1022:      state->numActions++;
        -: 1023:			
        -: 1024:      //discard card from hand
    #####: 1025:      discardCard(handPos, currentPlayer, state, 0);
    #####: 1026:      return 0;
        -: 1027:		
        -: 1028:    case minion:
        -: 1029:      //+1 action
    #####: 1030:      state->numActions++;
        -: 1031:			
        -: 1032:      //discard card from hand
    #####: 1033:      discardCard(handPos, currentPlayer, state, 0);
        -: 1034:			
    #####: 1035:      if (choice1)		//+2 coins
        -: 1036:	{
    #####: 1037:	  state->coins = state->coins + 2;
        -: 1038:	}
        -: 1039:			
    #####: 1040:      else if (choice2)		//discard hand, redraw 4, other players with 5+ cards discard hand and draw 4
        -: 1041:	{
        -: 1042:	  //discard hand
    #####: 1043:	  while(numHandCards(state) > 0)
        -: 1044:	    {
    #####: 1045:	      discardCard(handPos, currentPlayer, state, 0);
        -: 1046:	    }
        -: 1047:				
        -: 1048:	  //draw 4
    #####: 1049:	  for (i = 0; i < 4; i++)
        -: 1050:	    {
    #####: 1051:	      drawCard(currentPlayer, state);
        -: 1052:	    }
        -: 1053:				
        -: 1054:	  //other players discard hand and redraw if hand size > 4
    #####: 1055:	  for (i = 0; i < state->numPlayers; i++)
        -: 1056:	    {
    #####: 1057:	      if (i != currentPlayer)
        -: 1058:		{
    #####: 1059:		  if ( state->handCount[i] > 4 )
        -: 1060:		    {
        -: 1061:		      //discard hand
    #####: 1062:		      while( state->handCount[i] > 0 )
        -: 1063:			{
    #####: 1064:			  discardCard(handPos, i, state, 0);
        -: 1065:			}
        -: 1066:							
        -: 1067:		      //draw 4
    #####: 1068:		      for (j = 0; j < 4; j++)
        -: 1069:			{
    #####: 1070:			  drawCard(i, state);
        -: 1071:			}
        -: 1072:		    }
        -: 1073:		}
        -: 1074:	    }
        -: 1075:				
        -: 1076:	}
    #####: 1077:      return 0;
        -: 1078:		
        -: 1079:    case steward:
    #####: 1080:      if (choice1 == 1)
        -: 1081:	{
        -: 1082:	  //+2 cards
    #####: 1083:	  drawCard(currentPlayer, state);
    #####: 1084:	  drawCard(currentPlayer, state);
        -: 1085:	}
    #####: 1086:      else if (choice1 == 2)
        -: 1087:	{
        -: 1088:	  //+2 coins
    #####: 1089:	  state->coins = state->coins + 2;
        -: 1090:	}
        -: 1091:      else
        -: 1092:	{
        -: 1093:	  //trash 2 cards in hand
    #####: 1094:	  discardCard(choice2, currentPlayer, state, 1);
    #####: 1095:	  discardCard(choice3, currentPlayer, state, 1);
        -: 1096:	}
        -: 1097:			
        -: 1098:      //discard card from hand
    #####: 1099:      discardCard(handPos, currentPlayer, state, 0);
    #####: 1100:      return 0;
        -: 1101:		
        -: 1102:    case tribute:
    #####: 1103:      if ((state->discardCount[nextPlayer] + state->deckCount[nextPlayer]) <= 1){
    #####: 1104:	if (state->deckCount[nextPlayer] > 0){
    #####: 1105:	  tributeRevealedCards[0] = state->deck[nextPlayer][state->deckCount[nextPlayer]-1];
    #####: 1106:	  state->deckCount[nextPlayer]--;
        -: 1107:	}
    #####: 1108:	else if (state->discardCount[nextPlayer] > 0){
    #####: 1109:	  tributeRevealedCards[0] = state->discard[nextPlayer][state->discardCount[nextPlayer]-1];
    #####: 1110:	  state->discardCount[nextPlayer]--;
        -: 1111:	}
        -: 1112:	else{
        -: 1113:	  //No Card to Reveal
        -: 1114:	  if (DEBUG){
        -: 1115:	    printf("No cards to reveal\n");
        -: 1116:	  }
        -: 1117:	}
        -: 1118:      }
        -: 1119:	    
        -: 1120:      else{
    #####: 1121:	if (state->deckCount[nextPlayer] == 0){
    #####: 1122:	  for (i = 0; i < state->discardCount[nextPlayer]; i++){
    #####: 1123:	    state->deck[nextPlayer][i] = state->discard[nextPlayer][i];//Move to deck
    #####: 1124:	    state->deckCount[nextPlayer]++;
    #####: 1125:	    state->discard[nextPlayer][i] = -1;
    #####: 1126:	    state->discardCount[nextPlayer]--;
        -: 1127:	  }
        -: 1128:			    
    #####: 1129:	  shuffle(nextPlayer,state);//Shuffle the deck
        -: 1130:	} 
    #####: 1131:	tributeRevealedCards[0] = state->deck[nextPlayer][state->deckCount[nextPlayer]-1];
    #####: 1132:	state->deck[nextPlayer][state->deckCount[nextPlayer]--] = -1;
    #####: 1133:	state->deckCount[nextPlayer]--;
    #####: 1134:	tributeRevealedCards[1] = state->deck[nextPlayer][state->deckCount[nextPlayer]-1];
    #####: 1135:	state->deck[nextPlayer][state->deckCount[nextPlayer]--] = -1;
    #####: 1136:	state->deckCount[nextPlayer]--;
        -: 1137:      }    
        -: 1138:		       
    #####: 1139:      if (tributeRevealedCards[0] == tributeRevealedCards[1]){//If we have a duplicate card, just drop one 
    #####: 1140:	state->playedCards[state->playedCardCount] = tributeRevealedCards[1];
    #####: 1141:	state->playedCardCount++;
    #####: 1142:	tributeRevealedCards[1] = -1;
        -: 1143:      }
        -: 1144:
    #####: 1145:      for (i = 0; i <= 2; i ++){
    #####: 1146:	if (tributeRevealedCards[i] == copper || tributeRevealedCards[i] == silver || tributeRevealedCards[i] == gold){//Treasure cards
    #####: 1147:	  state->coins += 2;
        -: 1148:	}
        -: 1149:		    
    #####: 1150:	else if (tributeRevealedCards[i] == estate || tributeRevealedCards[i] == duchy || tributeRevealedCards[i] == province || tributeRevealedCards[i] == gardens || tributeRevealedCards[i] == great_hall){//Victory Card Found
    #####: 1151:	  drawCard(currentPlayer, state);
    #####: 1152:	  drawCard(currentPlayer, state);
        -: 1153:	}
        -: 1154:	else{//Action Card
    #####: 1155:	  state->numActions = state->numActions + 2;
        -: 1156:	}
        -: 1157:      }
        -: 1158:	    
    #####: 1159:      return 0;
        -: 1160:		
        -: 1161:    case ambassador:
    #####: 1162:      j = 0;		//used to check if player has enough cards to discard
        -: 1163:
    #####: 1164:      if (choice2 > 2 || choice2 < 0)
        -: 1165:	{
    #####: 1166:	  return -1;				
        -: 1167:	}
        -: 1168:
    #####: 1169:      if (choice1 == handPos)
        -: 1170:	{
    #####: 1171:	  return -1;
        -: 1172:	}
        -: 1173:
    #####: 1174:      for (i = 0; i < state->handCount[currentPlayer]; i++)
        -: 1175:	{
    #####: 1176:	  if (i != handPos && i == state->hand[currentPlayer][choice1] && i != choice1)
        -: 1177:	    {
    #####: 1178:	      j++;
        -: 1179:	    }
        -: 1180:	}
    #####: 1181:      if (j < choice2)
        -: 1182:	{
    #####: 1183:	  return -1;				
        -: 1184:	}
        -: 1185:
        -: 1186:      if (DEBUG) 
        -: 1187:	printf("Player %d reveals card number: %d\n", currentPlayer, state->hand[currentPlayer][choice1]);
        -: 1188:
        -: 1189:      //increase supply count for choosen card by amount being discarded
    #####: 1190:      state->supplyCount[state->hand[currentPlayer][choice1]] += choice2;
        -: 1191:			
        -: 1192:      //each other player gains a copy of revealed card
    #####: 1193:      for (i = 0; i < state->numPlayers; i++)
        -: 1194:	{
    #####: 1195:	  if (i != currentPlayer)
        -: 1196:	    {
    #####: 1197:	      gainCard(state->hand[currentPlayer][choice1], state, 0, i);
        -: 1198:	    }
        -: 1199:	}
        -: 1200:
        -: 1201:      //discard played card from hand
    #####: 1202:      discardCard(handPos, currentPlayer, state, 0);			
        -: 1203:
        -: 1204:      //trash copies of cards returned to supply
    #####: 1205:      for (j = 0; j < choice2; j++)
        -: 1206:	{
    #####: 1207:	  for (i = 0; i < state->handCount[currentPlayer]; i++)
        -: 1208:	    {
    #####: 1209:	      if (state->hand[currentPlayer][i] == state->hand[currentPlayer][choice1])
        -: 1210:		{
    #####: 1211:		  discardCard(i, currentPlayer, state, 1);
    #####: 1212:		  break;
        -: 1213:		}
        -: 1214:	    }
        -: 1215:	}			
        -: 1216:
    #####: 1217:      return 0;
        -: 1218:		
        -: 1219:    case cutpurse:
        -: 1220:
    #####: 1221:      updateCoins(currentPlayer, state, 2);
    #####: 1222:      for (i = 0; i < state->numPlayers; i++)
        -: 1223:	{
    #####: 1224:	  if (i != currentPlayer)
        -: 1225:	    {
    #####: 1226:	      for (j = 0; j < state->handCount[i]; j++)
        -: 1227:		{
    #####: 1228:		  if (state->hand[i][j] == copper)
        -: 1229:		    {
    #####: 1230:		      discardCard(j, i, state, 0);
    #####: 1231:		      break;
        -: 1232:		    }
    #####: 1233:		  if (j == state->handCount[i])
        -: 1234:		    {
    #####: 1235:		      for (k = 0; k < state->handCount[i]; k++)
        -: 1236:			{
        -: 1237:			  if (DEBUG)
        -: 1238:			    printf("Player %d reveals card number %d\n", i, state->hand[i][k]);
        -: 1239:			}	
    #####: 1240:		      break;
        -: 1241:		    }		
        -: 1242:		}
        -: 1243:					
        -: 1244:	    }
        -: 1245:				
        -: 1246:	}				
        -: 1247:
        -: 1248:      //discard played card from hand
    #####: 1249:      discardCard(handPos, currentPlayer, state, 0);			
        -: 1250:
    #####: 1251:      return 0;
        -: 1252:
        -: 1253:		
        -: 1254:    case embargo: 
    #####: 1255:		return playEmbargo(state, choice1, handPos);
        -: 1256:		
        -: 1257:    case outpost:
        -: 1258:      //set outpost flag
    #####: 1259:      state->outpostPlayed++;
        -: 1260:			
        -: 1261:      //discard card
    #####: 1262:      discardCard(handPos, currentPlayer, state, 0);
    #####: 1263:      return 0;
        -: 1264:		
        -: 1265:    case salvager:
        -: 1266:      //+1 buy
    #####: 1267:      state->numBuys++;
        -: 1268:			
    #####: 1269:      if (choice1)
        -: 1270:	{
        -: 1271:	  //gain coins equal to trashed card
    #####: 1272:	  state->coins = state->coins + getCost( handCard(choice1, state) );
        -: 1273:	  //trash card
    #####: 1274:	  discardCard(choice1, currentPlayer, state, 1);	
        -: 1275:	}
        -: 1276:			
        -: 1277:      //discard card
    #####: 1278:      discardCard(handPos, currentPlayer, state, 0);
    #####: 1279:      return 0;
        -: 1280:		
        -: 1281:    case sea_hag:
    #####: 1282:      for (i = 0; i < state->numPlayers; i++){
    #####: 1283:	if (i != currentPlayer){
    #####: 1284:	  state->discard[i][state->discardCount[i]] = state->deck[i][state->deckCount[i]--];			    state->deckCount[i]--;
    #####: 1285:	  state->discardCount[i]++;
    #####: 1286:	  state->deck[i][state->deckCount[i]--] = curse;//Top card now a curse
        -: 1287:	}
        -: 1288:      }
    #####: 1289:      return 0;
        -: 1290:		
        -: 1291:    case treasure_map:
        -: 1292:      //search hand for another treasure_map
    #####: 1293:      index = -1;
    #####: 1294:      for (i = 0; i < state->handCount[currentPlayer]; i++)
        -: 1295:	{
    #####: 1296:	  if (state->hand[currentPlayer][i] == treasure_map && i != handPos)
        -: 1297:	    {
    #####: 1298:	      index = i;
    #####: 1299:	      break;
        -: 1300:	    }
        -: 1301:	}
    #####: 1302:      if (index > -1)
        -: 1303:	{
        -: 1304:	  //trash both treasure cards
    #####: 1305:	  discardCard(handPos, currentPlayer, state, 1);
    #####: 1306:	  discardCard(index, currentPlayer, state, 1);
        -: 1307:
        -: 1308:	  //gain 4 Gold cards
    #####: 1309:	  for (i = 0; i < 4; i++)
        -: 1310:	    {
    #####: 1311:	      gainCard(gold, state, 1, currentPlayer);
        -: 1312:	    }
        -: 1313:				
        -: 1314:	  //return success
    #####: 1315:	  return 1;
        -: 1316:	}
        -: 1317:			
        -: 1318:      //no second treasure_map found in hand
    #####: 1319:      return -1;
        -: 1320:    }
        -: 1321:	
    #####: 1322:  return -1;
        -: 1323:}
        -: 1324:
     5544: 1325:int discardCard(int handPos, int currentPlayer, struct gameState *state, int trashFlag)
        -: 1326:{
        -: 1327:	
        -: 1328:  //if card is not trashed, added to Played pile 
     5544: 1329:  if (trashFlag < 1)
        -: 1330:    {
        -: 1331:      //add card to played pile
     4772: 1332:      state->playedCards[state->playedCardCount] = state->hand[currentPlayer][handPos]; 
     4772: 1333:      state->playedCardCount++;
        -: 1334:    }
        -: 1335:	
        -: 1336:  //set played card to -1
     5544: 1337:  state->hand[currentPlayer][handPos] = -1;
        -: 1338:	
        -: 1339:  //remove card from player's hand
     5544: 1340:  if ( handPos == (state->handCount[currentPlayer] - 1) ) 	//last card in hand array is played
        -: 1341:    {
        -: 1342:      //reduce number of cards in hand
       44: 1343:      state->handCount[currentPlayer]--;
        -: 1344:    }
     5500: 1345:  else if ( state->handCount[currentPlayer] == 1 ) //only one card in hand
        -: 1346:    {
        -: 1347:      //reduce number of cards in hand
    #####: 1348:      state->handCount[currentPlayer]--;
        -: 1349:    }
        -: 1350:  else 	
        -: 1351:    {
        -: 1352:      //replace discarded card with last card in hand
     5500: 1353:      state->hand[currentPlayer][handPos] = state->hand[currentPlayer][ (state->handCount[currentPlayer] - 1)];
        -: 1354:      //set last card to -1
     5500: 1355:      state->hand[currentPlayer][state->handCount[currentPlayer] - 1] = -1;
        -: 1356:      //reduce number of cards in hand
     5500: 1357:      state->handCount[currentPlayer]--;
        -: 1358:    }
        -: 1359:	
     5544: 1360:  return 0;
        -: 1361:}
        -: 1362:
    16772: 1363:int gainCard(int supplyPos, struct gameState *state, int toFlag, int player)
        -: 1364:{
        -: 1365:  //Note: supplyPos is enum of choosen card
        -: 1366:	
        -: 1367:  //check if supply pile is empty (0) or card is not used in game (-1)
    16772: 1368:  if ( supplyCount(supplyPos, state) < 1 )
        -: 1369:    {
     1848: 1370:      return -1;
        -: 1371:    }
        -: 1372:	
        -: 1373:  //added card for [whoseTurn] current player:
        -: 1374:  // toFlag = 0 : add to discard
        -: 1375:  // toFlag = 1 : add to deck
        -: 1376:  // toFlag = 2 : add to hand
        -: 1377:
    14924: 1378:  if (toFlag == 1)
        -: 1379:    {
    #####: 1380:      state->deck[ player ][ state->deckCount[player] ] = supplyPos;
    #####: 1381:      state->deckCount[player]++;
        -: 1382:    }
    14924: 1383:  else if (toFlag == 2)
        -: 1384:    {
    14924: 1385:      state->hand[ player ][ state->handCount[player] ] = supplyPos;
    14924: 1386:      state->handCount[player]++;
        -: 1387:    }
        -: 1388:  else
        -: 1389:    {
    #####: 1390:      state->discard[player][ state->discardCount[player] ] = supplyPos;
    #####: 1391:      state->discardCount[player]++;
        -: 1392:    }
        -: 1393:	
        -: 1394:  //decrease number in supply pile
    14924: 1395:  state->supplyCount[supplyPos]--;
        -: 1396:	 
    14924: 1397:  return 0;
        -: 1398:}
        -: 1399:
    #####: 1400:int updateCoins(int player, struct gameState *state, int bonus)
        -: 1401:{
        -: 1402:  int i;
        -: 1403:	
        -: 1404:  //reset coin count
    #####: 1405:  state->coins = 0;
        -: 1406:
        -: 1407:  //add coins for each Treasure card in player's hand
    #####: 1408:  for (i = 0; i < state->handCount[player]; i++)
        -: 1409:    {
    #####: 1410:      if (state->hand[player][i] == copper)
        -: 1411:	{
    #####: 1412:	  state->coins += 1;
        -: 1413:	}
    #####: 1414:      else if (state->hand[player][i] == silver)
        -: 1415:	{
    #####: 1416:	  state->coins += 2;
        -: 1417:	}
    #####: 1418:      else if (state->hand[player][i] == gold)
        -: 1419:	{
    #####: 1420:	  state->coins += 3;
        -: 1421:	}	
        -: 1422:    }	
        -: 1423:
        -: 1424:  //add bonus
    #####: 1425:  state->coins += bonus;
        -: 1426:
    #####: 1427:  return 0;
        -: 1428:}
        -: 1429:
        -: 1430:
        -: 1431://end of dominion.c
        -: 1432:
